[01m[K/home/pranjal/rotor_s/src/rotors_simulator/rotors_control/src/nodes/pid_controller2.cpp:[m[K In function â€˜[01m[Kint main(int, char**)[m[Kâ€™:
[01m[K/home/pranjal/rotor_s/src/rotors_simulator/rotors_control/src/nodes/pid_controller2.cpp:193:2:[m[K [01;31m[Kerror: [m[Kâ€˜[01m[Kcout[m[Kâ€™ was not declared in this scope; did you mean â€˜[01m[Kstd::cout[m[Kâ€™?
  193 |  [01;31m[Kcout[m[K<<"gravity="<<abs_gravity_z<<"\n";
      |  [01;31m[K^~~~[m[K
      |  [32m[Kstd::cout[m[K
In file included from [01m[K/home/pranjal/rotor_s/src/rotors_simulator/rotors_control/src/nodes/pid_controller2.cpp:2[m[K:
[01m[K/usr/include/c++/9/iostream:61:18:[m[K [01;36m[Knote: [m[Kâ€˜[01m[Kstd::cout[m[Kâ€™ declared here
   61 |   extern ostream [01;36m[Kcout[m[K;  /// Linked to standard output
      |                  [01;36m[K^~~~[m[K
make[2]: *** [CMakeFiles/pid_custom_node.dir/build.make:63: CMakeFiles/pid_custom_node.dir/src/nodes/pid_controller2.cpp.o] Error 1
make[1]: *** [CMakeFiles/Makefile2:904: CMakeFiles/pid_custom_node.dir/all] Error 2
make: *** [Makefile:141: all] Error 2
