In file included from [01m[K/home/pranjal/rotor_s/src/rotors_simulator/rotors_control/src/nodes/include_file2.h:5[m[K,
                 from [01m[K/home/pranjal/rotor_s/src/rotors_simulator/rotors_control/src/nodes/pid_controller2.cpp:11[m[K:
[01m[K/home/pranjal/rotor_s/src/mav_comm/mav_msgs/include/mav_msgs/common.h:[m[K In function â€˜[01m[Kint64_t mav_msgs::secondsToNanoseconds(double)[m[Kâ€™:
[01m[K/home/pranjal/rotor_s/src/mav_comm/mav_msgs/include/mav_msgs/common.h:359:64:[m[K [01;31m[Kerror: [m[Ka function-definition is not allowed here before â€˜[01m[K{[m[Kâ€™ token
  359 | inline double getShortestYawDistance(double yaw1, double yaw2) [01;31m[K{[m[K
      |                                                                [01;31m[K^[m[K
In file included from [01m[K/home/pranjal/rotor_s/src/mav_comm/mav_msgs/include/mav_msgs/conversions.h:40[m[K,
                 from [01m[K/home/pranjal/rotor_s/src/rotors_simulator/rotors_control/include/rotors_control/lee_position_controller.h:24[m[K,
                 from [01m[K/home/pranjal/rotor_s/src/rotors_simulator/rotors_control/src/library/lee_position_controller.cpp:21[m[K:
[01m[K/home/pranjal/rotor_s/src/mav_comm/mav_msgs/include/mav_msgs/common.h:[m[K In function â€˜[01m[Kint64_t mav_msgs::secondsToNanoseconds(double)[m[Kâ€™:
[01m[K/home/pranjal/rotor_s/src/mav_comm/mav_msgs/include/mav_msgs/common.h:359:64:[m[K [01;31m[Kerror: [m[Ka function-definition is not allowed here before â€˜[01m[K{[m[Kâ€™ token
  359 | inline double getShortestYawDistance(double yaw1, double yaw2) [01;31m[K{[m[K
      |                                                                [01;31m[K^[m[K
In file included from [01m[K/home/pranjal/rotor_s/src/mav_comm/mav_msgs/include/mav_msgs/conversions.h:40[m[K,
                 from [01m[K/home/pranjal/rotor_s/src/rotors_simulator/rotors_control/include/rotors_control/roll_pitch_yawrate_thrust_controller.h:24[m[K,
                 from [01m[K/home/pranjal/rotor_s/src/rotors_simulator/rotors_control/src/library/roll_pitch_yawrate_thrust_controller.cpp:21[m[K:
[01m[K/home/pranjal/rotor_s/src/mav_comm/mav_msgs/include/mav_msgs/common.h:[m[K In function â€˜[01m[Kint64_t mav_msgs::secondsToNanoseconds(double)[m[Kâ€™:
[01m[K/home/pranjal/rotor_s/src/mav_comm/mav_msgs/include/mav_msgs/common.h:359:64:[m[K [01;31m[Kerror: [m[Ka function-definition is not allowed here before â€˜[01m[K{[m[Kâ€™ token
  359 | inline double getShortestYawDistance(double yaw1, double yaw2) [01;31m[K{[m[K
      |                                                                [01;31m[K^[m[K
[01m[K/home/pranjal/rotor_s/src/rotors_simulator/rotors_control/src/nodes/pid_controller2.cpp:[m[K In function â€˜[01m[KEigen::Vector4d PID(State, State)[m[Kâ€™:
[01m[K/home/pranjal/rotor_s/src/rotors_simulator/rotors_control/src/nodes/pid_controller2.cpp:146:27:[m[K [01;31m[Kerror: [m[Kâ€˜[01m[KgetShortestYawDistance[m[Kâ€™ is not a member of â€˜[01m[Kmav_msgs[m[Kâ€™
  146 |  err_angle(2) = mav_msgs::[01;31m[KgetShortestYawDistance[m[K(des_state.euler_angle(2), curr_state.euler_angle(2));
      |                           [01;31m[K^~~~~~~~~~~~~~~~~~~~~~[m[K
make[2]: *** [CMakeFiles/pid_custom_node.dir/build.make:63: CMakeFiles/pid_custom_node.dir/src/nodes/pid_controller2.cpp.o] Error 1
make[1]: *** [CMakeFiles/Makefile2:902: CMakeFiles/pid_custom_node.dir/all] Error 2
make[1]: *** Waiting for unfinished jobs....
make[2]: *** [CMakeFiles/roll_pitch_yawrate_thrust_controller.dir/build.make:63: CMakeFiles/roll_pitch_yawrate_thrust_controller.dir/src/library/roll_pitch_yawrate_thrust_controller.cpp.o] Error 1
make[1]: *** [CMakeFiles/Makefile2:399: CMakeFiles/roll_pitch_yawrate_thrust_controller.dir/all] Error 2
make[2]: *** [CMakeFiles/lee_position_controller.dir/build.make:63: CMakeFiles/lee_position_controller.dir/src/library/lee_position_controller.cpp.o] Error 1
make[1]: *** [CMakeFiles/Makefile2:1666: CMakeFiles/lee_position_controller.dir/all] Error 2
make: *** [Makefile:141: all] Error 2
